app/build/outputs/logs/manifest-merger-debug-report.txt
-- Merging decision tree log ---
manifest
ADDED from WearLauncherA6\app\AndroidManifest.xml:2:1-119:12
INJECTED from WearLauncherA6\app\AndroidManifest.xml:2:1-119:12
INJECTED from WearLauncherA6\app\AndroidManifest.xml:2:1-119:12
INJECTED from WearLauncherA6\app\AndroidManifest.xml:2:1-119:12
MERGED from [com.android.support:support-v4:28.0.0] AndroidManifest.xml:17:1-22:12
MERGED from [com.android.support:appcompat-v7:28.0.0] AndroidManifest.xml:17:1-22:12
MERGED from [com.android.support:recyclerview-v7:28.0.0] AndroidManifest.xml:17:1-22:12
MERGED from [com.android.support:support-media-compat:28.0.0] AndroidManifest.xml:17:1-22:12
MERGED from [com.android.support:support-fragment:28.0.0] AndroidManifest.xml:17:1-22:12
MERGED from [com.android.support:animated-vector-drawable:28.0.0] AndroidManifest.xml:17:1-22:12
MERGED from [com.android.support:support-core-ui:28.0.0] AndroidManifest.xml:17:1-22:12
MERGED from [com.android.support:support-core-utils:28.0.0] AndroidManifest.xml:17:1-22:12
MERGED from [com.android.support:support-vector-drawable:28.0.0] AndroidManifest.xml:17:1-22:12
MERGED from [com.android.support:loader:28.0.0] AndroidManifest.xml:17:1-22:12
MERGED from [com.android.support:viewpager:28.0.0] AndroidManifest.xml:17:1-22:12
MERGED from [com.android.support:coordinatorlayout:28.0.0] AndroidManifest.xml:17:1-22:12
MERGED from [com.android.support:drawerlayout:28.0.0] AndroidManifest.xml:17:1-22:12
MERGED from [com.android.support:slidingpanelayout:28.0.0] AndroidManifest.xml:17:1-22:12
MERGED from [com.android.support:customview:28.0.0] AndroidManifest.xml:17:1-22:12
MERGED from [com.android.support:swiperefreshlayout:28.0.0] AndroidManifest.xml:17:1-22:12
MERGED from [com.android.support:asynclayoutinflater:28.0.0] AndroidManifest.xml:17:1-22:12
MERGED from [com.android.support:support-compat:28.0.0] AndroidManifest.xml:17:1-24:12
MERGED from [com.android.support:versionedparcelable:28.0.0] AndroidManifest.xml:17:1-25:12
MERGED from [com.android.support:cursoradapter:28.0.0] AndroidManifest.xml:17:1-22:12
MERGED from [android.arch.lifecycle:runtime:1.1.1] AndroidManifest.xml:17:1-22:12
MERGED from [com.android.support:documentfile:28.0.0] AndroidManifest.xml:17:1-22:12
MERGED from [com.android.support:localbroadcastmanager:28.0.0] AndroidManifest.xml:17:1-22:12
MERGED from [com.android.support:print:28.0.0] AndroidManifest.xml:17:1-22:12
MERGED from [com.android.support:interpolator:28.0.0] AndroidManifest.xml:17:1-22:12
MERGED from [android.arch.lifecycle:viewmodel:1.1.1] AndroidManifest.xml:17:1-22:12
MERGED from [android.arch.lifecycle:livedata:1.1.1] AndroidManifest.xml:17:1-22:12
MERGED from [android.arch.lifecycle:livedata-core:1.1.1] AndroidManifest.xml:17:1-22:12
MERGED from [android.arch.core:runtime:1.1.1] AndroidManifest.xml:17:1-22:12
INJECTED from WearLauncherA6\app\AndroidManifest.xml:2:1-119:12
INJECTED from WearLauncherA6\app\AndroidManifest.xml:2:1-119:12
INJECTED from WearLauncherA6\app\AndroidManifest.xml:2:1-119:12
	package
		ADDED from WearLauncherA6\app\AndroidManifest.xml:3:5-39
		INJECTED from WearLauncherA6\app\AndroidManifest.xml
		INJECTED from WearLauncherA6\app\AndroidManifest.xml
	android:sharedUserId
		ADDED from WearLauncherA6\app\AndroidManifest.xml:4:5-45
	android:versionName
		ADDED from WearLauncherA6\app\AndroidManifest.xml:6:5-30
		INJECTED from WearLauncherA6\app\AndroidManifest.xml
		INJECTED from WearLauncherA6\app\AndroidManifest.xml
	xmlns:android
		ADDED from WearLauncherA6\app\AndroidManifest.xml:2:11-69
	android:versionCode
		ADDED from WearLauncherA6\app\AndroidManifest.xml:5:5-36
		INJECTED from WearLauncherA6\app\AndroidManifest.xml
		INJECTED from WearLauncherA6\app\AndroidManifest.xml
uses-permission#android.permission.FORCE_STOP_PACKAGES
ADDED from WearLauncherA6\app\AndroidManifest.xml:8:5-78
	android:name
		ADDED from WearLauncherA6\app\AndroidManifest.xml:8:22-75
uses-permission#android.permission.CALL_PHONE
ADDED from WearLauncherA6\app\AndroidManifest.xml:9:5-69
	android:name
		ADDED from WearLauncherA6\app\AndroidManifest.xml:9:22-66
uses-permission#android.permission.WAKE_LOCK
ADDED from WearLauncherA6\app\AndroidManifest.xml:10:5-68
	android:name
		ADDED from WearLauncherA6\app\AndroidManifest.xml:10:22-65
uses-permission#android.permission.SYSTEM_PHONE_WINDOW
ADDED from WearLauncherA6\app\AndroidManifest.xml:11:5-78
	android:name
		ADDED from WearLauncherA6\app\AndroidManifest.xml:11:22-75
uses-permission#android.permission.SYSTEM_OVERLAY_WINDOW
ADDED from WearLauncherA6\app\AndroidManifest.xml:12:5-80
	android:name
		ADDED from WearLauncherA6\app\AndroidManifest.xml:12:22-77
uses-permission#android.permission.SYSTEM_ALERT_WINDOW
ADDED from WearLauncherA6\app\AndroidManifest.xml:13:5-77
	android:name
		ADDED from WearLauncherA6\app\AndroidManifest.xml:13:22-75
uses-permission#android.permission.BLUETOOTH
ADDED from WearLauncherA6\app\AndroidManifest.xml:14:5-68
	android:name
		ADDED from WearLauncherA6\app\AndroidManifest.xml:14:22-65
uses-permission#android.permission.BLUETOOTH_ADMIN
ADDED from WearLauncherA6\app\AndroidManifest.xml:15:5-74
	android:name
		ADDED from WearLauncherA6\app\AndroidManifest.xml:15:22-71
uses-permission#android.permission.BLUETOOTH_PRIVILEGED
ADDED from WearLauncherA6\app\AndroidManifest.xml:16:5-79
	android:name
		ADDED from WearLauncherA6\app\AndroidManifest.xml:16:22-76
uses-permission#android.permission.ACCESS_NETWORK_STATE
ADDED from WearLauncherA6\app\AndroidManifest.xml:17:5-79
	android:name
		ADDED from WearLauncherA6\app\AndroidManifest.xml:17:22-76
uses-permission#android.permission.READ_PHONE_STATE
ADDED from WearLauncherA6\app\AndroidManifest.xml:18:5-75
	android:name
		ADDED from WearLauncherA6\app\AndroidManifest.xml:18:22-72
uses-permission#android.permission.MODIFY_PHONE_STATE
ADDED from WearLauncherA6\app\AndroidManifest.xml:19:5-76
	android:name
		ADDED from WearLauncherA6\app\AndroidManifest.xml:19:22-74
uses-permission#android.permission.ANSWER_PHONE_CALLS
ADDED from WearLauncherA6\app\AndroidManifest.xml:20:5-77
	android:name
		ADDED from WearLauncherA6\app\AndroidManifest.xml:20:22-74
uses-permission#android.permission.ACCESS_WIFI_STATE
ADDED from WearLauncherA6\app\AndroidManifest.xml:21:5-76
	android:name
		ADDED from WearLauncherA6\app\AndroidManifest.xml:21:22-73
uses-permission#android.permission.CHANGE_WIFI_STATE
ADDED from WearLauncherA6\app\AndroidManifest.xml:22:5-76
	android:name
		ADDED from WearLauncherA6\app\AndroidManifest.xml:22:22-73
uses-permission#android.permission.WRITE_EXTERNAL_STORAGE
ADDED from WearLauncherA6\app\AndroidManifest.xml:23:5-81
	android:name
		ADDED from WearLauncherA6\app\AndroidManifest.xml:23:22-78
uses-permission#android.permission.MOUNT_UNMOUNT_FILESYSTEMS
ADDED from WearLauncherA6\app\AndroidManifest.xml:24:5-84
	android:name
		ADDED from WearLauncherA6\app\AndroidManifest.xml:24:22-81
uses-permission#android.permission.ACCESS_NOTIFICATION_POLICY
ADDED from WearLauncherA6\app\AndroidManifest.xml:26:5-85
	android:name
		ADDED from WearLauncherA6\app\AndroidManifest.xml:26:22-82
uses-permission#android.permission.WRITE_SMS
ADDED from WearLauncherA6\app\AndroidManifest.xml:27:5-68
	android:name
		ADDED from WearLauncherA6\app\AndroidManifest.xml:27:22-65
uses-permission#android.permission.READ_SMS
ADDED from WearLauncherA6\app\AndroidManifest.xml:28:5-67
	android:name
		ADDED from WearLauncherA6\app\AndroidManifest.xml:28:22-64
uses-permission#android.permission.WRITE_CALL_LOG
ADDED from WearLauncherA6\app\AndroidManifest.xml:29:5-73
	android:name
		ADDED from WearLauncherA6\app\AndroidManifest.xml:29:22-70
uses-permission#android.permission.READ_CALL_LOG
ADDED from WearLauncherA6\app\AndroidManifest.xml:30:5-72
	android:name
		ADDED from WearLauncherA6\app\AndroidManifest.xml:30:22-69
uses-permission#android.permission.READ_CONTACTS
ADDED from WearLauncherA6\app\AndroidManifest.xml:31:5-72
	android:name
		ADDED from WearLauncherA6\app\AndroidManifest.xml:31:22-69
uses-permission#android.permission.WRITE_CONTACTS
ADDED from WearLauncherA6\app\AndroidManifest.xml:32:5-73
	android:name
		ADDED from WearLauncherA6\app\AndroidManifest.xml:32:22-70
uses-permission#android.permission.ACCESS_FINE_LOCATION
ADDED from WearLauncherA6\app\AndroidManifest.xml:33:5-79
	android:name
		ADDED from WearLauncherA6\app\AndroidManifest.xml:33:22-76
uses-permission#android.permission.BIND_NOTIFICATION_LISTENER_SERVICE
ADDED from WearLauncherA6\app\AndroidManifest.xml:34:5-93
	android:name
		ADDED from WearLauncherA6\app\AndroidManifest.xml:34:22-90
uses-permission#android.permission.STATUS_BAR_SERVICE
ADDED from WearLauncherA6\app\AndroidManifest.xml:35:5-77
	android:name
		ADDED from WearLauncherA6\app\AndroidManifest.xml:35:22-74
uses-permission#android.permission.GET_TASKS
ADDED from WearLauncherA6\app\AndroidManifest.xml:36:5-68
	android:name
		ADDED from WearLauncherA6\app\AndroidManifest.xml:36:22-65
uses-permission#android.permission.DEVICE_POWER
ADDED from WearLauncherA6\app\AndroidManifest.xml:37:5-71
	android:name
		ADDED from WearLauncherA6\app\AndroidManifest.xml:37:22-68
uses-permission#android.permission.WRITE_SETTINGS
ADDED from WearLauncherA6\app\AndroidManifest.xml:38:5-73
	android:name
		ADDED from WearLauncherA6\app\AndroidManifest.xml:38:22-70
uses-permission#android.permission.GET_APP_OPS_STATS
ADDED from WearLauncherA6\app\AndroidManifest.xml:39:5-76
	android:name
		ADDED from WearLauncherA6\app\AndroidManifest.xml:39:22-73
uses-permission#android.permission.REAL_GET_TASKS
ADDED from WearLauncherA6\app\AndroidManifest.xml:41:5-73
	android:name
		ADDED from WearLauncherA6\app\AndroidManifest.xml:41:22-70
uses-permission#android.permission.GET_DETAILED_TASKS
ADDED from WearLauncherA6\app\AndroidManifest.xml:42:5-77
	android:name
		ADDED from WearLauncherA6\app\AndroidManifest.xml:42:22-74
uses-permission#android.permission.REORDER_TASKS
ADDED from WearLauncherA6\app\AndroidManifest.xml:43:5-72
	android:name
		ADDED from WearLauncherA6\app\AndroidManifest.xml:43:22-69
uses-permission#android.permission.REMOVE_TASKS
ADDED from WearLauncherA6\app\AndroidManifest.xml:44:5-71
	android:name
		ADDED from WearLauncherA6\app\AndroidManifest.xml:44:22-68
uses-permission#android.permission.STOP_APP_SWITCHES
ADDED from WearLauncherA6\app\AndroidManifest.xml:45:5-76
	android:name
		ADDED from WearLauncherA6\app\AndroidManifest.xml:45:22-73
uses-permission#android.permission.SET_SCREEN_COMPATIBILITY
ADDED from WearLauncherA6\app\AndroidManifest.xml:46:5-83
	android:name
		ADDED from WearLauncherA6\app\AndroidManifest.xml:46:22-80
uses-permission#android.permission.START_ANY_ACTIVITY
ADDED from WearLauncherA6\app\AndroidManifest.xml:47:5-77
	android:name
		ADDED from WearLauncherA6\app\AndroidManifest.xml:47:22-74
uses-permission#android.permission.INTERACT_ACROSS_USERS
ADDED from WearLauncherA6\app\AndroidManifest.xml:48:5-80
	android:name
		ADDED from WearLauncherA6\app\AndroidManifest.xml:48:22-77
uses-permission#android.permission.INTERACT_ACROSS_USERS_FULL
ADDED from WearLauncherA6\app\AndroidManifest.xml:49:5-85
	android:name
		ADDED from WearLauncherA6\app\AndroidManifest.xml:49:22-82
uses-permission#android.permission.GET_TOP_ACTIVITY_INFO
ADDED from WearLauncherA6\app\AndroidManifest.xml:50:5-80
	android:name
		ADDED from WearLauncherA6\app\AndroidManifest.xml:50:22-77
uses-permission#android.permission.MANAGE_ACTIVITY_STACKS
ADDED from WearLauncherA6\app\AndroidManifest.xml:51:5-81
	android:name
		ADDED from WearLauncherA6\app\AndroidManifest.xml:51:22-78
uses-permission#android.permission.START_TASKS_FROM_RECENTS
ADDED from WearLauncherA6\app\AndroidManifest.xml:52:5-83
	android:name
		ADDED from WearLauncherA6\app\AndroidManifest.xml:52:22-80
uses-permission#android.permission.SHUTDOWN
ADDED from WearLauncherA6\app\AndroidManifest.xml:56:5-67
	android:name
		ADDED from WearLauncherA6\app\AndroidManifest.xml:56:22-64
uses-permission#android.permission.REBOOT
ADDED from WearLauncherA6\app\AndroidManifest.xml:57:5-65
	android:name
		ADDED from WearLauncherA6\app\AndroidManifest.xml:57:22-62
uses-permission#android.permission.WRITE_SECURE_SETTINGS
ADDED from WearLauncherA6\app\AndroidManifest.xml:58:5-80
	android:name
		ADDED from WearLauncherA6\app\AndroidManifest.xml:58:22-77
protected-broadcast
ADDED from WearLauncherA6\app\AndroidManifest.xml:60:5-78
	android:name
		ADDED from WearLauncherA6\app\AndroidManifest.xml:60:26-75
application
ADDED from WearLauncherA6\app\AndroidManifest.xml:62:5-117:19
MERGED from [com.android.support:support-compat:28.0.0] AndroidManifest.xml:22:5-94
MERGED from [com.android.support:support-compat:28.0.0] AndroidManifest.xml:22:5-94
MERGED from [com.android.support:versionedparcelable:28.0.0] AndroidManifest.xml:22:5-23:19
MERGED from [com.android.support:versionedparcelable:28.0.0] AndroidManifest.xml:22:5-23:19
	android:appComponentFactory
		ADDED from [com.android.support:support-compat:28.0.0] AndroidManifest.xml:22:18-91
	android:supportsRtl
		ADDED from WearLauncherA6\app\AndroidManifest.xml:68:9-35
	android:label
		ADDED from WearLauncherA6\app\AndroidManifest.xml:66:9-41
	android:largeHeap
		ADDED from WearLauncherA6\app\AndroidManifest.xml:67:9-33
	android:icon
		ADDED from WearLauncherA6\app\AndroidManifest.xml:65:9-43
	android:allowBackup
		ADDED from WearLauncherA6\app\AndroidManifest.xml:64:9-35
	android:theme
		ADDED from WearLauncherA6\app\AndroidManifest.xml:69:9-40
	android:name
		ADDED from WearLauncherA6\app\AndroidManifest.xml:63:9-44
activity#com.readboy.wearlauncher.Launcher
ADDED from WearLauncherA6\app\AndroidManifest.xml:70:9-84:20
	android:screenOrientation
		ADDED from WearLauncherA6\app\AndroidManifest.xml:74:13-49
	android:clearTaskOnLaunch
		ADDED from WearLauncherA6\app\AndroidManifest.xml:72:13-45
	android:stateNotNeeded
		ADDED from WearLauncherA6\app\AndroidManifest.xml:75:13-42
	android:launchMode
		ADDED from WearLauncherA6\app\AndroidManifest.xml:73:13-44
	android:name
		ADDED from WearLauncherA6\app\AndroidManifest.xml:71:13-37
intent-filter#action:name:android.intent.action.MAIN+category:name:android.intent.category.DEFAULT+category:name:android.intent.category.HOME+category:name:android.intent.category.MONKEY
ADDED from WearLauncherA6\app\AndroidManifest.xml:76:13-83:29
action#android.intent.action.MAIN
ADDED from WearLauncherA6\app\AndroidManifest.xml:77:17-69
	android:name
		ADDED from WearLauncherA6\app\AndroidManifest.xml:77:25-66
category#android.intent.category.HOME
ADDED from WearLauncherA6\app\AndroidManifest.xml:80:17-73
	android:name
		ADDED from WearLauncherA6\app\AndroidManifest.xml:80:27-70
category#android.intent.category.DEFAULT
ADDED from WearLauncherA6\app\AndroidManifest.xml:81:17-76
	android:name
		ADDED from WearLauncherA6\app\AndroidManifest.xml:81:27-73
category#android.intent.category.MONKEY
ADDED from WearLauncherA6\app\AndroidManifest.xml:82:17-75
	android:name
		ADDED from WearLauncherA6\app\AndroidManifest.xml:82:27-72
activity#com.readboy.wearlauncher.notification.NotificationActivity
ADDED from WearLauncherA6\app\AndroidManifest.xml:85:9-87:56
	android:theme
		ADDED from WearLauncherA6\app\AndroidManifest.xml:87:13-53
	android:name
		ADDED from WearLauncherA6\app\AndroidManifest.xml:86:13-62
provider#com.readboy.wearlauncher.LauncherProvider
ADDED from WearLauncherA6\app\AndroidManifest.xml:90:9-95:88
	android:readPermission
		ADDED from WearLauncherA6\app\AndroidManifest.xml:94:13-83
	android:authorities
		ADDED from WearLauncherA6\app\AndroidManifest.xml:92:13-68
	android:exported
		ADDED from WearLauncherA6\app\AndroidManifest.xml:93:13-36
	android:writePermission
		ADDED from WearLauncherA6\app\AndroidManifest.xml:95:13-85
	android:name
		ADDED from WearLauncherA6\app\AndroidManifest.xml:91:13-45
receiver#com.readboy.wearlauncher.utils.WatchController
ADDED from WearLauncherA6\app\AndroidManifest.xml:97:9-103:20
	android:name
		ADDED from WearLauncherA6\app\AndroidManifest.xml:97:19-56
intent-filter#action:name:android.intent.action.DATE_CHANGED+action:name:android.intent.action.TIMEZONE_CHANGED+action:name:android.intent.action.TIME_SET
ADDED from WearLauncherA6\app\AndroidManifest.xml:98:13-102:29
action#android.intent.action.TIMEZONE_CHANGED
ADDED from WearLauncherA6\app\AndroidManifest.xml:99:17-81
	android:name
		ADDED from WearLauncherA6\app\AndroidManifest.xml:99:25-78
action#android.intent.action.DATE_CHANGED
ADDED from WearLauncherA6\app\AndroidManifest.xml:100:17-77
	android:name
		ADDED from WearLauncherA6\app\AndroidManifest.xml:100:25-74
action#android.intent.action.TIME_SET
ADDED from WearLauncherA6\app\AndroidManifest.xml:101:17-73
	android:name
		ADDED from WearLauncherA6\app\AndroidManifest.xml:101:25-70
service#com.readboy.wearlauncher.notification.NotificationMonitor
ADDED from WearLauncherA6\app\AndroidManifest.xml:105:9-111:19
	android:permission
		ADDED from WearLauncherA6\app\AndroidManifest.xml:107:13-87
	android:name
		ADDED from WearLauncherA6\app\AndroidManifest.xml:106:13-61
intent-filter#action:name:android.service.notification.NotificationListenerService
ADDED from WearLauncherA6\app\AndroidManifest.xml:108:13-110:29
action#android.service.notification.NotificationListenerService
ADDED from WearLauncherA6\app\AndroidManifest.xml:109:17-99
	android:name
		ADDED from WearLauncherA6\app\AndroidManifest.xml:109:25-96
service#com.readboy.wearlauncher.utils.StartFactoryModeService
ADDED from WearLauncherA6\app\AndroidManifest.xml:112:9-116:19
	android:enabled
		ADDED from WearLauncherA6\app\AndroidManifest.xml:114:13-35
	android:exported
		ADDED from WearLauncherA6\app\AndroidManifest.xml:115:13-36
	android:name
		ADDED from WearLauncherA6\app\AndroidManifest.xml:113:13-58
uses-sdk
INJECTED from WearLauncherA6\app\AndroidManifest.xml reason: use-sdk injection requested
INJECTED from WearLauncherA6\app\AndroidManifest.xml
MERGED from [com.android.support:support-v4:28.0.0] AndroidManifest.xml:20:5-44
MERGED from [com.android.support:support-v4:28.0.0] AndroidManifest.xml:20:5-44
MERGED from [com.android.support:appcompat-v7:28.0.0] AndroidManifest.xml:20:5-44
MERGED from [com.android.support:appcompat-v7:28.0.0] AndroidManifest.xml:20:5-44
MERGED from [com.android.support:recyclerview-v7:28.0.0] AndroidManifest.xml:20:5-44
MERGED from [com.android.support:recyclerview-v7:28.0.0] AndroidManifest.xml:20:5-44
MERGED from [com.android.support:support-media-compat:28.0.0] AndroidManifest.xml:20:5-44
MERGED from [com.android.support:support-media-compat:28.0.0] AndroidManifest.xml:20:5-44
MERGED from [com.android.support:support-fragment:28.0.0] AndroidManifest.xml:20:5-44
MERGED from [com.android.support:support-fragment:28.0.0] AndroidManifest.xml:20:5-44
MERGED from [com.android.support:animated-vector-drawable:28.0.0] AndroidManifest.xml:20:5-44
MERGED from [com.android.support:animated-vector-drawable:28.0.0] AndroidManifest.xml:20:5-44
MERGED from [com.android.support:support-core-ui:28.0.0] AndroidManifest.xml:20:5-44
MERGED from [com.android.support:support-core-ui:28.0.0] AndroidManifest.xml:20:5-44
MERGED from [com.android.support:support-core-utils:28.0.0] AndroidManifest.xml:20:5-44
MERGED from [com.android.support:support-core-utils:28.0.0] AndroidManifest.xml:20:5-44
MERGED from [com.android.support:support-vector-drawable:28.0.0] AndroidManifest.xml:20:5-44
MERGED from [com.android.support:support-vector-drawable:28.0.0] AndroidManifest.xml:20:5-44
MERGED from [com.android.support:loader:28.0.0] AndroidManifest.xml:20:5-44
MERGED from [com.android.support:loader:28.0.0] AndroidManifest.xml:20:5-44
MERGED from [com.android.support:viewpager:28.0.0] AndroidManifest.xml:20:5-44
MERGED from [com.android.support:viewpager:28.0.0] AndroidManifest.xml:20:5-44
MERGED from [com.android.support:coordinatorlayout:28.0.0] AndroidManifest.xml:20:5-44
MERGED from [com.android.support:coordinatorlayout:28.0.0] AndroidManifest.xml:20:5-44
MERGED from [com.android.support:drawerlayout:28.0.0] AndroidManifest.xml:20:5-44
MERGED from [com.android.support:drawerlayout:28.0.0] AndroidManifest.xml:20:5-44
MERGED from [com.android.support:slidingpanelayout:28.0.0] AndroidManifest.xml:20:5-44
MERGED from [com.android.support:slidingpanelayout:28.0.0] AndroidManifest.xml:20:5-44
MERGED from [com.android.support:customview:28.0.0] AndroidManifest.xml:20:5-44
MERGED from [com.android.support:customview:28.0.0] AndroidManifest.xml:20:5-44
MERGED from [com.android.support:swiperefreshlayout:28.0.0] AndroidManifest.xml:20:5-44
MERGED from [com.android.support:swiperefreshlayout:28.0.0] AndroidManifest.xml:20:5-44
MERGED from [com.android.support:asynclayoutinflater:28.0.0] AndroidManifest.xml:20:5-44
MERGED from [com.android.support:asynclayoutinflater:28.0.0] AndroidManifest.xml:20:5-44
MERGED from [com.android.support:support-compat:28.0.0] AndroidManifest.xml:20:5-44
MERGED from [com.android.support:support-compat:28.0.0] AndroidManifest.xml:20:5-44
MERGED from [com.android.support:versionedparcelable:28.0.0] AndroidManifest.xml:20:5-44
MERGED from [com.android.support:versionedparcelable:28.0.0] AndroidManifest.xml:20:5-44
MERGED from [com.android.support:cursoradapter:28.0.0] AndroidManifest.xml:20:5-44
MERGED from [com.android.support:cursoradapter:28.0.0] AndroidManifest.xml:20:5-44
MERGED from [android.arch.lifecycle:runtime:1.1.1] AndroidManifest.xml:20:5-44
MERGED from [android.arch.lifecycle:runtime:1.1.1] AndroidManifest.xml:20:5-44
MERGED from [com.android.support:documentfile:28.0.0] AndroidManifest.xml:20:5-44
MERGED from [com.android.support:documentfile:28.0.0] AndroidManifest.xml:20:5-44
MERGED from [com.android.support:localbroadcastmanager:28.0.0] AndroidManifest.xml:20:5-44
MERGED from [com.android.support:localbroadcastmanager:28.0.0] AndroidManifest.xml:20:5-44
MERGED from [com.android.support:print:28.0.0] AndroidManifest.xml:20:5-44
MERGED from [com.android.support:print:28.0.0] AndroidManifest.xml:20:5-44
MERGED from [com.android.support:interpolator:28.0.0] AndroidManifest.xml:20:5-44
MERGED from [com.android.support:interpolator:28.0.0] AndroidManifest.xml:20:5-44
MERGED from [android.arch.lifecycle:viewmodel:1.1.1] AndroidManifest.xml:20:5-44
MERGED from [android.arch.lifecycle:viewmodel:1.1.1] AndroidManifest.xml:20:5-44
MERGED from [android.arch.lifecycle:livedata:1.1.1] AndroidManifest.xml:20:5-44
MERGED from [android.arch.lifecycle:livedata:1.1.1] AndroidManifest.xml:20:5-44
MERGED from [android.arch.lifecycle:livedata-core:1.1.1] AndroidManifest.xml:20:5-44
MERGED from [android.arch.lifecycle:livedata-core:1.1.1] AndroidManifest.xml:20:5-44
MERGED from [android.arch.core:runtime:1.1.1] AndroidManifest.xml:20:5-44
MERGED from [android.arch.core:runtime:1.1.1] AndroidManifest.xml:20:5-44
INJECTED from WearLauncherA6\app\AndroidManifest.xml
	android:minSdkVersion
		INJECTED from WearLauncherA6\app\AndroidManifest.xml
		ADDED from WearLauncherA6\app\AndroidManifest.xml
		INJECTED from WearLauncherA6\app\AndroidManifest.xml